<?xml version="1.0" encoding="UTF-8"?>
<!-- Generated by org.testng.reporters.JUnitReportReporter -->
<testsuite skipped="0" hostname="rhel73test" name="test_package.vladwebtest_01" tests="1" failures="0" timestamp="27 Nov 2018 18:19:02 GMT" time="0.423" errors="0">
  <testcase name="testEasy" time="0.423" classname="test_package.vladwebtest_01"/>
</testsuite> <!-- test_package.vladwebtest_01 -->
