<?xml version="1.0" encoding="UTF-8"?>
<!-- Generated by org.testng.reporters.JUnitReportReporter -->
<testsuite skipped="0" hostname="rhel73test" name="test_package.vladwebtest_01" tests="1" failures="0" timestamp="28 Nov 2018 01:37:02 GMT" time="0.470" errors="0">
  <testcase name="testOne" time="0.470" classname="test_package.vladwebtest_01"/>
</testsuite> <!-- test_package.vladwebtest_01 -->
